<?xml version="1.0" encoding="UTF-8"?>
<!-- Generated by org.testng.reporters.JUnitReportReporter -->
<testsuite hostname="LAPTOP-44G02OE8" failures="0" tests="1" name="com.TestCases.Class_x" time="8.318" errors="0" timestamp="2024-05-24T16:39:13 EDT" skipped="0">
  <testcase classname="com.TestCases.Class_x" name="loginStup" time="8.318"/>
</testsuite> <!-- com.TestCases.Class_x -->
