<?xml version="1.0" encoding="UTF-8"?>
<!-- Generated by org.testng.reporters.JUnitReportReporter -->
<testsuite hostname="LAPTOP-44G02OE8" failures="0" tests="1" name="com.TestCases.Class_x$TestPage" time="6.204" errors="0" timestamp="2024-05-24T14:43:08 EDT" skipped="0">
  <testcase classname="com.TestCases.Class_x$TestPage" name="navigateToAddtoCart" time="6.204"/>
</testsuite> <!-- com.TestCases.Class_x$TestPage -->
